\BOOKMARK [1][-]{section.1}{Overview}{}% 1
\BOOKMARK [2][-]{subsection.1.1}{Purpose}{section.1}% 2
\BOOKMARK [2][-]{subsection.1.2}{Scope}{section.1}% 3
\BOOKMARK [2][-]{subsection.1.3}{Context}{section.1}% 4
\BOOKMARK [2][-]{subsection.1.4}{Summary}{section.1}% 5
\BOOKMARK [2][-]{subsection.1.5}{References}{section.1}% 6
\BOOKMARK [2][-]{subsection.1.6}{Definitions}{section.1}% 7
\BOOKMARK [1][-]{section.2}{Design}{}% 8
\BOOKMARK [2][-]{subsection.2.1}{Introduction}{section.2}% 9
\BOOKMARK [2][-]{subsection.2.2}{Structure viewpoint}{section.2}% 10
\BOOKMARK [3][-]{subsubsection.2.2.1}{Neural network setup}{subsection.2.2}% 11
\BOOKMARK [1][-]{section.3}{Information viewpoint}{}% 12
\BOOKMARK [2][-]{subsection.3.1}{Set up image dataset}{section.3}% 13
\BOOKMARK [2][-]{subsection.3.2}{Neural training methods}{section.3}% 14
\BOOKMARK [2][-]{subsection.3.3}{Input image processing}{section.3}% 15
\BOOKMARK [2][-]{subsection.3.4}{Data visualization}{section.3}% 16
\BOOKMARK [2][-]{subsection.3.5}{Setup Image Data Sets Example}{section.3}% 17
\BOOKMARK [3][-]{subsubsection.3.5.1}{trainval.txt}{subsection.3.5}% 18
\BOOKMARK [3][-]{subsubsection.3.5.2}{test.txt}{subsection.3.5}% 19
\BOOKMARK [3][-]{subsubsection.3.5.3}{test\137name\137size.txt}{subsection.3.5}% 20
\BOOKMARK [3][-]{subsubsection.3.5.4}{labelmap\137voc.prototxt}{subsection.3.5}% 21
\BOOKMARK [2][-]{subsection.3.6}{Pseudocode}{section.3}% 22
\BOOKMARK [1][-]{section.4}{Interaction Viewpoint}{}% 23
\BOOKMARK [2][-]{subsection.4.1}{Hardware setup}{section.4}% 24
\BOOKMARK [1][-]{section.5}{Conclusion}{}% 25
