\BOOKMARK [0][-]{chapter.1}{Abstract}{}% 1
\BOOKMARK [0][-]{chapter.2}{Duties}{}% 2
\BOOKMARK [1][-]{section.2.1}{Technology 1-3}{chapter.2}% 3
\BOOKMARK [2][-]{subsection.2.1.1}{Luay Alshawi}{section.2.1}% 4
\BOOKMARK [1][-]{section.2.2}{Technology 4-6}{chapter.2}% 5
\BOOKMARK [2][-]{subsection.2.2.1}{Gabe Morey}{section.2.2}% 6
\BOOKMARK [1][-]{section.2.3}{Technology 7-9}{chapter.2}% 7
\BOOKMARK [2][-]{subsection.2.3.1}{Christopher Johnson}{section.2.3}% 8
\BOOKMARK [0][-]{chapter.3}{Technologies}{}% 9
\BOOKMARK [1][-]{section.3.1}{Visual Library}{chapter.3}% 10
\BOOKMARK [2][-]{subsection.3.1.1}{Open CV}{section.3.1}% 11
\BOOKMARK [2][-]{subsection.3.1.2}{SimpleCV}{section.3.1}% 12
\BOOKMARK [2][-]{subsection.3.1.3}{Community Core Vision}{section.3.1}% 13
\BOOKMARK [2][-]{subsection.3.1.4}{Goals}{section.3.1}% 14
\BOOKMARK [2][-]{subsection.3.1.5}{Comparision Table}{section.3.1}% 15
\BOOKMARK [2][-]{subsection.3.1.6}{Discussion}{section.3.1}% 16
\BOOKMARK [2][-]{subsection.3.1.7}{Best Option}{section.3.1}% 17
\BOOKMARK [1][-]{section.3.2}{Devolopment Operating System}{chapter.3}% 18
\BOOKMARK [2][-]{subsection.3.2.1}{Windows}{section.3.2}% 19
\BOOKMARK [2][-]{subsection.3.2.2}{MAC OS}{section.3.2}% 20
\BOOKMARK [2][-]{subsection.3.2.3}{Linux}{section.3.2}% 21
\BOOKMARK [2][-]{subsection.3.2.4}{Goals}{section.3.2}% 22
\BOOKMARK [2][-]{subsection.3.2.5}{Criteria}{section.3.2}% 23
\BOOKMARK [2][-]{subsection.3.2.6}{Comparision Table}{section.3.2}% 24
\BOOKMARK [2][-]{subsection.3.2.7}{Discussion}{section.3.2}% 25
\BOOKMARK [2][-]{subsection.3.2.8}{Best Option}{section.3.2}% 26
\BOOKMARK [1][-]{section.3.3}{Programming Languages}{chapter.3}% 27
\BOOKMARK [2][-]{subsection.3.3.1}{Python}{section.3.3}% 28
\BOOKMARK [2][-]{subsection.3.3.2}{C++}{section.3.3}% 29
\BOOKMARK [2][-]{subsection.3.3.3}{Java}{section.3.3}% 30
\BOOKMARK [2][-]{subsection.3.3.4}{Goals}{section.3.3}% 31
\BOOKMARK [2][-]{subsection.3.3.5}{Criteria}{section.3.3}% 32
\BOOKMARK [2][-]{subsection.3.3.6}{Comparision Table}{section.3.3}% 33
\BOOKMARK [2][-]{subsection.3.3.7}{Discussion}{section.3.3}% 34
\BOOKMARK [2][-]{subsection.3.3.8}{Best Option}{section.3.3}% 35
\BOOKMARK [1][-]{section.3.4}{Deep Learning Framework}{chapter.3}% 36
\BOOKMARK [2][-]{subsection.3.4.1}{Theano}{section.3.4}% 37
\BOOKMARK [2][-]{subsection.3.4.2}{Caffe}{section.3.4}% 38
\BOOKMARK [2][-]{subsection.3.4.3}{Torch}{section.3.4}% 39
\BOOKMARK [2][-]{subsection.3.4.4}{Choice of Framework}{section.3.4}% 40
\BOOKMARK [1][-]{section.3.5}{Neural Network}{chapter.3}% 41
\BOOKMARK [2][-]{subsection.3.5.1}{Information}{section.3.5}% 42
\BOOKMARK [2][-]{subsection.3.5.2}{GoogLeNet}{section.3.5}% 43
\BOOKMARK [2][-]{subsection.3.5.3}{AlexNet}{section.3.5}% 44
\BOOKMARK [2][-]{subsection.3.5.4}{OxfordNet}{section.3.5}% 45
\BOOKMARK [2][-]{subsection.3.5.5}{Choice of Network}{section.3.5}% 46
\BOOKMARK [1][-]{section.3.6}{GPU Cloud}{chapter.3}% 47
\BOOKMARK [2][-]{subsection.3.6.1}{EC2}{section.3.6}% 48
\BOOKMARK [2][-]{subsection.3.6.2}{Nimbix}{section.3.6}% 49
\BOOKMARK [2][-]{subsection.3.6.3}{Cogeco Peer 1}{section.3.6}% 50
\BOOKMARK [2][-]{subsection.3.6.4}{Choice of Cloud}{section.3.6}% 51
\BOOKMARK [1][-]{section.3.7}{Communication}{chapter.3}% 52
\BOOKMARK [2][-]{subsection.3.7.1}{Skype}{section.3.7}% 53
\BOOKMARK [2][-]{subsection.3.7.2}{Discord}{section.3.7}% 54
\BOOKMARK [2][-]{subsection.3.7.3}{Team Speak}{section.3.7}% 55
\BOOKMARK [1][-]{section.3.8}{Camera}{chapter.3}% 56
\BOOKMARK [2][-]{subsection.3.8.1}{Leopard Imaging}{section.3.8}% 57
\BOOKMARK [2][-]{subsection.3.8.2}{NVIDIA Shadowplay}{section.3.8}% 58
\BOOKMARK [2][-]{subsection.3.8.3}{Client Recommended Camera}{section.3.8}% 59
\BOOKMARK [2][-]{subsection.3.8.4}{Camera we ended up using}{section.3.8}% 60
\BOOKMARK [1][-]{section.3.9}{Data visualization}{chapter.3}% 61
\BOOKMARK [2][-]{subsection.3.9.1}{Live Data}{section.3.9}% 62
\BOOKMARK [2][-]{subsection.3.9.2}{Live Visual Data}{section.3.9}% 63
\BOOKMARK [2][-]{subsection.3.9.3}{Visual Summary of Data}{section.3.9}% 64
\BOOKMARK [0][-]{chapter.4}{Bibliography}{}% 65
